<?xml version="1.0" encoding="UTF-8"?>
<!-- Generated by org.testng.reporters.JUnitReportReporter -->
<testsuite ignored="0" hostname="LAPTOP-SUGMSHVL" failures="0" tests="1" name="test.TestPrub" time="7.554" errors="0" timestamp="27 feb. 2022 10:10:22 GMT" skipped="0">
  <testcase classname="test.TestPrub" name="f" time="7.554"/>
</testsuite> <!-- test.TestPrub -->
