<?xml version="1.0" encoding="UTF-8"?>
<!-- Generated by org.testng.reporters.JUnitReportReporter -->
<testsuite skipped="0" hostname="MacBook-Pro-de-Antonio.local" name="com.opensource.qa.NewTest" tests="1" failures="0" timestamp="26 may 2022 18:58:25 GMT" time="3.546" errors="0">
  <testcase name="f" time="3.546" classname="com.opensource.qa.NewTest"/>
</testsuite> <!-- com.opensource.qa.NewTest -->
