<?xml version="1.0" encoding="UTF-8"?>
<!-- Generated by org.testng.reporters.JUnitReportReporter -->
<testsuite name="dasboard.CrearPerfil" tests="1" time="2.855" ignored="0" failures="0" timestamp="28 may 2022 16:35:09 GMT" skipped="0" hostname="MacBook-Pro-de-Antonio.local" errors="0">
  <testcase name="TC_02" time="2.855" classname="dasboard.CrearPerfil"/>
</testsuite> <!-- dasboard.CrearPerfil -->
