<?xml version="1.0" encoding="UTF-8"?>
<!-- Generated by org.testng.reporters.JUnitReportReporter -->
<testsuite name="solicitudPage.TC_03_InformacionCliente" tests="1" time="9.506" ignored="0" failures="0" timestamp="28 may 2022 18:59:38 GMT" skipped="0" hostname="MacBook-Pro-de-Antonio.local" errors="0">
  <testcase name="TC_03" time="9.506" classname="solicitudPage.TC_03_InformacionCliente"/>
</testsuite> <!-- solicitudPage.TC_03_InformacionCliente -->
