<?xml version="1.0" encoding="UTF-8"?>
<!-- Generated by org.testng.reporters.JUnitReportReporter -->
<testsuite ignored="0" hostname="LAPTOP-SUGMSHVL" failures="0" tests="1" name="com.opensource.qa.AdminJava" time="0.021" errors="0" timestamp="28 feb. 2022 07:17:18 GMT" skipped="0">
  <testcase classname="com.opensource.qa.AdminJava" name="f" time="0.021"/>
</testsuite> <!-- com.opensource.qa.AdminJava -->
