<?xml version="1.0" encoding="UTF-8"?>
<!-- Generated by org.testng.reporters.JUnitReportReporter -->
<testsuite ignored="0" hostname="LAPTOP-SUGMSHVL" failures="0" tests="1" name="com.opensource.qa.AdminJava" time="38.239" errors="0" timestamp="06 mar. 2022 01:51:32 GMT" skipped="0">
  <testcase classname="com.opensource.qa.AdminJava" name="f" time="38.239"/>
</testsuite> <!-- com.opensource.qa.AdminJava -->
