<?xml version="1.0" encoding="UTF-8"?>
<!-- Generated by org.testng.reporters.JUnitReportReporter -->
<testsuite name="LoginTest.TC_01_Login" tests="1" time="1.562" ignored="0" failures="0" timestamp="28 may 2022 15:41:49 GMT" skipped="0" hostname="MacBook-Pro-de-Antonio.local" errors="0">
  <testcase name="TC_01" time="1.562" classname="LoginTest.TC_01_Login"/>
</testsuite> <!-- LoginTest.TC_01_Login -->
